<?xml version="1.0" encoding="UTF-8"?>
<!-- Generated by org.testng.reporters.JUnitXMLReporter -->
<testsuite hostname="Biswajit-PC" name="Default test" tests="3" failures="0" timestamp="6 May 2015 04:49:18 GMT" time="14.51" errors="0">
  <testcase name="userSignUp" time="0.194" classname="com.webtek.test.SanityTest">
    <skipped/>
  </testcase> <!-- userSignUp -->
  <testcase name="signUser" time="0.0" classname="com.webtek.test.SanityTest">
    <skipped/>
  </testcase> <!-- signUser -->
  <testcase name="productCheckOut" time="0.0" classname="com.webtek.test.SanityTest">
    <skipped/>
  </testcase> <!-- productCheckOut -->
</testsuite> <!-- Default test -->
