<?xml version="1.0" encoding="UTF-8"?>
<!-- Generated by org.testng.reporters.JUnitXMLReporter -->
<testsuite hostname="Biswajit-PC" name="Test in FF" tests="3" failures="0" timestamp="6 May 2015 11:38:02 GMT" time="135.13" errors="0">
  <testcase name="userSignUp" time="84.739" classname="com.webtek.test.SanityTest"/>
  <testcase name="signUser" time="9.344" classname="com.webtek.test.SanityTest"/>
  <testcase name="productCheckOut" time="22.475" classname="com.webtek.test.SanityTest"/>
</testsuite> <!-- Test in FF -->
