<?xml version="1.0" encoding="UTF-8"?>
<testng-results skipped="0" failed="0" total="2" passed="2">
  <reporter-output>
  </reporter-output>
  <suite name="TestSuite1" duration-ms="34186" started-at="2015-05-14T07:29:17Z" finished-at="2015-05-14T07:29:51Z">
    <groups>
    </groups>
    <test name="TestSuite2" duration-ms="34186" started-at="2015-05-14T07:29:17Z" finished-at="2015-05-14T07:29:51Z">
      <class name="com.webtek.test.SanityTest1">
        <test-method status="PASS" signature="SetUp()[pri:0, instance:com.webtek.test.SanityTest1@649d209a]" name="SetUp" is-config="true" duration-ms="11607" started-at="2015-05-14T12:59:05Z" finished-at="2015-05-14T12:59:17Z">
          <reporter-output>
          </reporter-output>
        </test-method> <!-- SetUp -->
        <test-method status="PASS" signature="firstAddProductThenCheckOutWithSign()[pri:0, instance:com.webtek.test.SanityTest1@649d209a]" name="firstAddProductThenCheckOutWithSign" duration-ms="27420" started-at="2015-05-14T12:59:17Z" finished-at="2015-05-14T12:59:44Z">
          <reporter-output>
          </reporter-output>
        </test-method> <!-- firstAddProductThenCheckOutWithSign -->
        <test-method status="PASS" signature="verifyItemPresentInCartAndSummation()[pri:0, instance:com.webtek.test.SanityTest1@649d209a]" name="verifyItemPresentInCartAndSummation" duration-ms="6746" started-at="2015-05-14T12:59:44Z" finished-at="2015-05-14T12:59:51Z">
          <reporter-output>
          </reporter-output>
        </test-method> <!-- verifyItemPresentInCartAndSummation -->
        <test-method status="PASS" signature="tearDown()[pri:0, instance:com.webtek.test.SanityTest1@649d209a]" name="tearDown" is-config="true" duration-ms="2750" started-at="2015-05-14T12:59:51Z" finished-at="2015-05-14T12:59:54Z">
          <reporter-output>
          </reporter-output>
        </test-method> <!-- tearDown -->
      </class> <!-- com.webtek.test.SanityTest1 -->
    </test> <!-- TestSuite2 -->
  </suite> <!-- TestSuite1 -->
</testng-results>
