<?xml version="1.0" encoding="UTF-8"?>
<!-- Generated by org.testng.reporters.JUnitXMLReporter -->
<testsuite hostname="Biswajit-PC" name="Test in FF" tests="3" failures="0" timestamp="14 May 2015 09:19:41 GMT" time="107.586" errors="0">
  <testcase name="userSignUp" time="79.587" classname="com.webtek.test.SanityTest"/>
  <testcase name="signUser" time="6.443" classname="com.webtek.test.SanityTest"/>
  <testcase name="productCheckOut" time="21.546" classname="com.webtek.test.SanityTest"/>
</testsuite> <!-- Test in FF -->
