<?xml version="1.0" encoding="UTF-8"?>
<!-- Generated by org.testng.reporters.JUnitXMLReporter -->
<testsuite hostname="Biswajit-PC" name="ChromeTest" tests="3" failures="0" timestamp="5 May 2015 12:48:47 GMT" time="13.772" errors="0">
  <testcase name="userSignUp" time="0.012" classname="com.webtek.test.SanityTest">
    <skipped/>
  </testcase> <!-- userSignUp -->
  <testcase name="signUser" time="0.0" classname="com.webtek.test.SanityTest">
    <skipped/>
  </testcase> <!-- signUser -->
  <testcase name="productCheckOut" time="0.0" classname="com.webtek.test.SanityTest">
    <skipped/>
  </testcase> <!-- productCheckOut -->
</testsuite> <!-- ChromeTest -->
