<?xml version="1.0" encoding="UTF-8"?>
<!-- Generated by org.testng.reporters.JUnitXMLReporter -->
<testsuite hostname="Biswajit-PC" name="Test in Chrome" tests="3" failures="0" timestamp="5 May 2015 13:19:20 GMT" time="16.25" errors="0">
  <testcase name="userSignUp" time="0.007" classname="com.webtek.test.SanityTest">
    <skipped/>
  </testcase> <!-- userSignUp -->
  <testcase name="signUser" time="0.0" classname="com.webtek.test.SanityTest">
    <skipped/>
  </testcase> <!-- signUser -->
  <testcase name="productCheckOut" time="0.0" classname="com.webtek.test.SanityTest">
    <skipped/>
  </testcase> <!-- productCheckOut -->
</testsuite> <!-- Test in Chrome -->
